<?xml version="1.0" encoding="UTF-8"?>
<!-- Generated by org.testng.reporters.JUnitReportReporter -->
<testsuite hostname="ATMECSINLT-269" name="com.qa.automation.FalconUI.testscript.GoogleElementsTesting" tests="2" failures="0" timestamp="19 Mar 2020 11:35:17 GMT" time="46.088" errors="0">
  <testcase name="sampleTest3" time="26.595" classname="com.qa.automation.FalconUI.testscript.GoogleElementsTesting"/>
  <testcase name="sampleTest3" time="19.493" classname="com.qa.automation.FalconUI.testscript.GoogleElementsTesting"/>
</testsuite> <!-- com.qa.automation.FalconUI.testscript.GoogleElementsTesting -->
